<?xml version="1.0" encoding="UTF-8"?>
<!-- Generated by org.testng.reporters.JUnitReportReporter -->
<testsuite skipped="0" hostname="CPX-SHKPOPX4W35" name="testcases.LoginToPortalTest" tests="1" failures="0" timestamp="18 Dec 2018 00:47:44 GMT" time="11.409" errors="0">
  <testcase name="loginTest_01" time="11.409" classname="testcases.LoginToPortalTest"/>
</testsuite> <!-- testcases.LoginToPortalTest -->
