<?xml version="1.0" encoding="UTF-8"?>
<!-- Generated by org.testng.reporters.JUnitReportReporter -->
<testsuite skipped="0" hostname="CPX-SHKPOPX4W35" name="features.webTests.testng.LoginToPortalTest" tests="1" failures="0" timestamp="18 Dec 2018 01:37:10 GMT" time="11.267" errors="0">
  <testcase name="loginTest_01" time="11.267" classname="features.webTests.testng.LoginToPortalTest"/>
</testsuite> <!-- features.webTests.testng.LoginToPortalTest -->
